Unity Editor version:    2020.3.26f1 (7298b473bc1a)
Branch:                  2020.3/staging
Build type:              Release
Batch mode:              YES
macOS version:           Version 11.6.5 (Build 20G527)
Darwin version:          20.6.0
Architecture:            x86_64
Running under Rosetta:   NO
Available memory:        16384 MB
Using pre-set license
Pro License: NO

COMMAND LINE ARGUMENTS:
/Applications/Unity/Hub/Editor/2020.3.26f1/Unity.app/Contents/MacOS/Unity
-adb2
-batchMode
-noUpm
-name
AssetImportWorker0
-projectPath
/Users/brunokitazuka/Desktop/Documents - Bruno’s MacBook Pro copy/School/Semester 4/Intermediate Game Design/MobileGame/MobileGame
-logFile
Logs/AssetImportWorker0.log
-srvPort
64995
Successfully changed project path to: /Users/brunokitazuka/Desktop/Documents - Bruno’s MacBook Pro copy/School/Semester 4/Intermediate Game Design/MobileGame/MobileGame
/Users/brunokitazuka/Desktop/Documents - Bruno’s MacBook Pro copy/School/Semester 4/Intermediate Game Design/MobileGame/MobileGame
Using Asset Import Pipeline V2.
Refreshing native plugins compatible for Editor in 53.81 ms, found 3 plugins.
Preloading 0 native plugins for Editor in 0.00 ms.
Initialize engine version: 2020.3.26f1 (7298b473bc1a)
[Subsystems] Discovering subsystems at path /Applications/Unity/Hub/Editor/2020.3.26f1/Unity.app/Contents/Resources/UnitySubsystems
[Subsystems] Discovering subsystems at path /Users/brunokitazuka/Desktop/Documents - Bruno’s MacBook Pro copy/School/Semester 4/Intermediate Game Design/MobileGame/MobileGame/Assets
GfxDevice: creating device client; threaded=0
2022-05-01 23:09:34.379 Unity[67335:5593506] Color LCD preferred device: AMD Radeon Pro 5300M (high power)
2022-05-01 23:09:34.379 Unity[67335:5593506] Metal devices available: 2
2022-05-01 23:09:34.379 Unity[67335:5593506] 0: AMD Radeon Pro 5300M (high power)
2022-05-01 23:09:34.379 Unity[67335:5593506] 1: Intel(R) UHD Graphics 630 (low power)
2022-05-01 23:09:34.380 Unity[67335:5593506] Using device AMD Radeon Pro 5300M (high power)
Initializing Metal device caps: AMD Radeon Pro 5300M
Initialize mono
Mono path[0] = '/Applications/Unity/Hub/Editor/2020.3.26f1/Unity.app/Contents/Managed'
Mono path[1] = '/Applications/Unity/Hub/Editor/2020.3.26f1/Unity.app/Contents/MonoBleedingEdge/lib/mono/unityjit'
Mono config path = '/Applications/Unity/Hub/Editor/2020.3.26f1/Unity.app/Contents/MonoBleedingEdge/etc'
Using monoOptions --debugger-agent=transport=dt_socket,embedding=1,server=y,suspend=n,address=127.0.0.1:56335
Begin MonoManager ReloadAssembly
Registering precompiled unity dll's ...
Register platform support module: /Applications/Unity/Hub/Editor/2020.3.26f1/PlaybackEngines/WebGLSupport/UnityEditor.WebGL.Extensions.dll
Register platform support module: /Applications/Unity/Hub/Editor/2020.3.26f1/Unity.app/Contents/PlaybackEngines/MacStandaloneSupport/UnityEditor.OSXStandalone.Extensions.dll
Registered in 0.000586 seconds.
Native extension for OSXStandalone target not found
Native extension for WebGL target not found
Refreshing native plugins compatible for Editor in 41.20 ms, found 3 plugins.
Preloading 0 native plugins for Editor in 0.00 ms.
Mono: successfully reloaded assembly
- Completed reload, in  0.685 seconds
Domain Reload Profiling:
	ReloadAssembly (685ms)
		BeginReloadAssembly (45ms)
			ExecutionOrderSort (0ms)
			DisableScriptedObjects (0ms)
			BackupInstance (0ms)
			ReleaseScriptingObjects (0ms)
			CreateAndSetChildDomain (1ms)
		EndReloadAssembly (554ms)
			LoadAssemblies (48ms)
			RebuildTransferFunctionScriptingTraits (0ms)
			SetupTypeCache (211ms)
			ReleaseScriptCaches (0ms)
			RebuildScriptCaches (38ms)
			SetupLoadedEditorAssemblies (207ms)
				LogAssemblyErrors (0ms)
				InitializePlatformSupportModulesInManaged (6ms)
				SetLoadedEditorAssemblies (0ms)
				RefreshPlugins (41ms)
				BeforeProcessingInitializeOnLoad (9ms)
				ProcessInitializeOnLoadAttributes (118ms)
				ProcessInitializeOnLoadMethodAttributes (32ms)
				AfterProcessingInitializeOnLoad (0ms)
				EditorAssembliesLoaded (0ms)
			ExecutionOrderSort2 (0ms)
			AwakeInstancesAfterBackupRestoration (0ms)
Platform modules already initialized, skipping
Registering precompiled user dll's ...
Registered in 0.004523 seconds.
Begin MonoManager ReloadAssembly
Native extension for OSXStandalone target not found
Native extension for WebGL target not found
Refreshing native plugins compatible for Editor in 41.02 ms, found 3 plugins.
Preloading 0 native plugins for Editor in 0.00 ms.
Mono: successfully reloaded assembly
- Completed reload, in  1.220 seconds
Domain Reload Profiling:
	ReloadAssembly (1221ms)
		BeginReloadAssembly (159ms)
			ExecutionOrderSort (0ms)
			DisableScriptedObjects (5ms)
			BackupInstance (0ms)
			ReleaseScriptingObjects (0ms)
			CreateAndSetChildDomain (32ms)
		EndReloadAssembly (994ms)
			LoadAssemblies (77ms)
			RebuildTransferFunctionScriptingTraits (0ms)
			SetupTypeCache (379ms)
			ReleaseScriptCaches (1ms)
			RebuildScriptCaches (61ms)
			SetupLoadedEditorAssemblies (345ms)
				LogAssemblyErrors (0ms)
				InitializePlatformSupportModulesInManaged (5ms)
				SetLoadedEditorAssemblies (0ms)
				RefreshPlugins (41ms)
				BeforeProcessingInitializeOnLoad (60ms)
				ProcessInitializeOnLoadAttributes (221ms)
				ProcessInitializeOnLoadMethodAttributes (17ms)
				AfterProcessingInitializeOnLoad (1ms)
				EditorAssembliesLoaded (0ms)
			ExecutionOrderSort2 (0ms)
			AwakeInstancesAfterBackupRestoration (7ms)
Platform modules already initialized, skipping
Validating Project structure ... 0.002996 seconds.
Shader import version has changed; will reimport all shaders...
Upgrading shader files ...0.019755 seconds.
Application.AssetDatabase Initial Script Refresh Start
RefreshInfo: InitialScriptRefreshV2(NoUpdateAssetOptions) scanfilter:  ... 1 filters
RefreshProfiler: Total: 0.000ms
Application.AssetDatabase Initial Script Refresh End
Application.AssetDatabase.Refresh Start
Application.AssetDatabase.Refresh End
RefreshInfo: StopAssetImportingV2(ForceSynchronousImport) scanfilter: 
RefreshProfiler: Total: 0.000ms
Launching external process: /Applications/Unity/Hub/Editor/2020.3.26f1/Unity.app/Contents/Tools/UnityShaderCompiler
Launched and connected shader compiler UnityShaderCompiler after 0.02 seconds
Initializing Unity extensions:
========================================================================
Worker process is ready to serve import requests
Refreshing native plugins compatible for Editor in 0.48 ms, found 3 plugins.
Preloading 0 native plugins for Editor in 0.00 ms.
Unloading 2260 Unused Serialized files (Serialized files now loaded: 0)
System memory in use before: 201.8 MB.
System memory in use after: 201.1 MB.

Unloading 138 unused Assets to reduce memory usage. Loaded Objects now: 2737.
Total: 3.910139 ms (FindLiveObjects: 0.178678 ms CreateObjectMapping: 0.100829 ms MarkObjects: 3.101358 ms  DeleteObjects: 0.528395 ms)

AssetImportParameters requested are different than current active one (requested -> active):
  custom:video-decoder-ogg-theora: a1e56fd34408186e4bbccfd4996cb3dc -> 
  custom:container-muxer-webm: aa71ff27fc2769a1b78a27578f13a17b -> 
  custom:container-demuxer-webm: 4f35f7cbe854078d1ac9338744f61a02 -> 
  custom:container-demuxer-ogg: 62fdf1f143b41e24485cea50d1cbac27 -> 
  custom:video-encoder-webm-vp8: eb34c28f22e8b96e1ab97ce403110664 -> 
  custom:framework-osx-AVFoundation: e770b220cccbd017edd2c1fefb359320 -> 
  custom:video-decoder-webm-vp8: 9c59270c3fd7afecdb556c50c9e8de78 -> 
  custom:audio-decoder-ogg-vorbis: bf7c407c2cedff20999df2af8eb42d56 -> 
  custom:audio-encoder-webm-vorbis: bf7c407c2cedff20999df2af8eb42d56 -> 
========================================================================
Received Import Request.
  path: Assets/PNG/orange.png
  artifactKey: Guid(cbd18d68daef745228e068c4d12bed76) Importer(815301076,1909f56bfc062723c751e8b465ee728b)
Start importing Assets/PNG/orange.png using Guid(cbd18d68daef745228e068c4d12bed76) Importer(815301076,1909f56bfc062723c751e8b465ee728b)  -> (artifact id: '2f0e3fcfd634d299d4d84026c7302bff') in 1.362368 seconds 
  Import took 1.370236 seconds .

========================================================================
Received Import Request.
  Time since last request: 0.000896 seconds.
  path: Assets/PNG/blue.png
  artifactKey: Guid(294e26a0e95c14513ae7b82729282481) Importer(815301076,1909f56bfc062723c751e8b465ee728b)
Start importing Assets/PNG/blue.png using Guid(294e26a0e95c14513ae7b82729282481) Importer(815301076,1909f56bfc062723c751e8b465ee728b)  -> (artifact id: '833dfd3c7630deedd04ba5c3977ba2c7') in 0.022310 seconds 
  Import took 0.026127 seconds .

========================================================================
Received Import Request.
  Time since last request: 0.000233 seconds.
  path: Assets/PNG/BG_Logo.png
  artifactKey: Guid(abf21716f817e45b7a55fb1266942c12) Importer(815301076,1909f56bfc062723c751e8b465ee728b)
Start importing Assets/PNG/BG_Logo.png using Guid(abf21716f817e45b7a55fb1266942c12) Importer(815301076,1909f56bfc062723c751e8b465ee728b)  -> (artifact id: '87e516c6b867a13266f828c3441d4693') in 0.015994 seconds 
  Import took 0.020011 seconds .

========================================================================
Received Import Request.
  Time since last request: 0.000205 seconds.
  path: Assets/PNG/MainMenu.png
  artifactKey: Guid(34c42ef1464fc44d1800443e5d7c4b84) Importer(815301076,1909f56bfc062723c751e8b465ee728b)
Start importing Assets/PNG/MainMenu.png using Guid(34c42ef1464fc44d1800443e5d7c4b84) Importer(815301076,1909f56bfc062723c751e8b465ee728b)  -> (artifact id: '75222109c5dbaf5c3ec798fd73df1195') in 0.011895 seconds 
  Import took 0.016442 seconds .

========================================================================
Received Import Request.
  Time since last request: 0.000228 seconds.
  path: Assets/PNG/Start.png
  artifactKey: Guid(15c21cf4ddc484badb186ccf4ff9053a) Importer(815301076,1909f56bfc062723c751e8b465ee728b)
Start importing Assets/PNG/Start.png using Guid(15c21cf4ddc484badb186ccf4ff9053a) Importer(815301076,1909f56bfc062723c751e8b465ee728b)  -> (artifact id: 'c5829ee14ad32418dc549856f062cd19') in 0.012053 seconds 
  Import took 0.015432 seconds .

========================================================================
Received Import Request.
  Time since last request: 0.000227 seconds.
  path: Assets/PNG/yellow.png
  artifactKey: Guid(88c3230b0c444450da70dddcccf24d85) Importer(815301076,1909f56bfc062723c751e8b465ee728b)
Start importing Assets/PNG/yellow.png using Guid(88c3230b0c444450da70dddcccf24d85) Importer(815301076,1909f56bfc062723c751e8b465ee728b)  -> (artifact id: 'a0f7d4d05821ec17f4b20df2c9986269') in 0.017827 seconds 
  Import took 0.021495 seconds .

========================================================================
Received Import Request.
  Time since last request: 0.000271 seconds.
  path: Assets/PNG/H2P.png
  artifactKey: Guid(499c3fb9e46504d6f8aeef8ba01b9b9c) Importer(815301076,1909f56bfc062723c751e8b465ee728b)
Start importing Assets/PNG/H2P.png using Guid(499c3fb9e46504d6f8aeef8ba01b9b9c) Importer(815301076,1909f56bfc062723c751e8b465ee728b)  -> (artifact id: '96d7817f60b21a2c108327815dd617c4') in 0.011593 seconds 
  Import took 0.015047 seconds .

========================================================================
Received Import Request.
  Time since last request: 0.000196 seconds.
  path: Assets/PNG/green.png
  artifactKey: Guid(9c56f7d8784284275988074737452f56) Importer(815301076,1909f56bfc062723c751e8b465ee728b)
Start importing Assets/PNG/green.png using Guid(9c56f7d8784284275988074737452f56) Importer(815301076,1909f56bfc062723c751e8b465ee728b)  -> (artifact id: 'cce557e188881de7eed968f0d4848e54') in 0.014457 seconds 
  Import took 0.017844 seconds .

========================================================================
Received Import Request.
  Time since last request: 0.000188 seconds.
  path: Assets/PNG/red.png
  artifactKey: Guid(1b71ca34b90e846ba9b689a46924d722) Importer(815301076,1909f56bfc062723c751e8b465ee728b)
Start importing Assets/PNG/red.png using Guid(1b71ca34b90e846ba9b689a46924d722) Importer(815301076,1909f56bfc062723c751e8b465ee728b)  -> (artifact id: 'cf7c46bdd30e6c6f1add0885b0705d39') in 0.016345 seconds 
  Import took 0.019690 seconds .

========================================================================
Received Import Request.
  Time since last request: 0.000191 seconds.
  path: Assets/PNG/BackGround.png
  artifactKey: Guid(491727b1a7e47441f9a641eb7f32e3ce) Importer(815301076,1909f56bfc062723c751e8b465ee728b)
Start importing Assets/PNG/BackGround.png using Guid(491727b1a7e47441f9a641eb7f32e3ce) Importer(815301076,1909f56bfc062723c751e8b465ee728b)  -> (artifact id: 'dd24eeed1a916edb2e5b83ec15863be4') in 0.026430 seconds 
  Import took 0.030875 seconds .

========================================================================
Received Import Request.
  Time since last request: 0.000202 seconds.
  path: Assets/PNG/Quit.png
  artifactKey: Guid(c616f3889cfe44057ba0014db068a05d) Importer(815301076,1909f56bfc062723c751e8b465ee728b)
Start importing Assets/PNG/Quit.png using Guid(c616f3889cfe44057ba0014db068a05d) Importer(815301076,1909f56bfc062723c751e8b465ee728b)  -> (artifact id: '9e723fc072706105a3b9a91e653f65ed') in 0.010946 seconds 
  Import took 0.014314 seconds .

========================================================================
Received Prepare
Registering precompiled user dll's ...
Registered in 0.002461 seconds.
Begin MonoManager ReloadAssembly
Native extension for OSXStandalone target not found
Native extension for WebGL target not found
Refreshing native plugins compatible for Editor in 0.45 ms, found 3 plugins.
Preloading 0 native plugins for Editor in 0.00 ms.
Mono: successfully reloaded assembly
- Completed reload, in  1.277 seconds
Domain Reload Profiling:
	ReloadAssembly (1278ms)
		BeginReloadAssembly (137ms)
			ExecutionOrderSort (0ms)
			DisableScriptedObjects (7ms)
			BackupInstance (0ms)
			ReleaseScriptingObjects (0ms)
			CreateAndSetChildDomain (69ms)
		EndReloadAssembly (1070ms)
			LoadAssemblies (86ms)
			RebuildTransferFunctionScriptingTraits (0ms)
			SetupTypeCache (395ms)
			ReleaseScriptCaches (1ms)
			RebuildScriptCaches (61ms)
			SetupLoadedEditorAssemblies (383ms)
				LogAssemblyErrors (0ms)
				InitializePlatformSupportModulesInManaged (7ms)
				SetLoadedEditorAssemblies (1ms)
				RefreshPlugins (0ms)
				BeforeProcessingInitializeOnLoad (118ms)
				ProcessInitializeOnLoadAttributes (244ms)
				ProcessInitializeOnLoadMethodAttributes (13ms)
				AfterProcessingInitializeOnLoad (1ms)
				EditorAssembliesLoaded (0ms)
			ExecutionOrderSort2 (0ms)
			AwakeInstancesAfterBackupRestoration (11ms)
Platform modules already initialized, skipping
Refreshing native plugins compatible for Editor in 0.54 ms, found 3 plugins.
Preloading 0 native plugins for Editor in 0.00 ms.
Unloading 2235 Unused Serialized files (Serialized files now loaded: 0)
System memory in use before: 202.3 MB.
System memory in use after: 202.5 MB.

Unloading 20 unused Assets to reduce memory usage. Loaded Objects now: 2757.
Total: 3.114484 ms (FindLiveObjects: 0.173261 ms CreateObjectMapping: 0.087317 ms MarkObjects: 2.831690 ms  DeleteObjects: 0.021331 ms)

AssetImportParameters requested are different than current active one (requested -> active):
  custom:video-decoder-ogg-theora: a1e56fd34408186e4bbccfd4996cb3dc -> 
  custom:container-muxer-webm: aa71ff27fc2769a1b78a27578f13a17b -> 
  custom:container-demuxer-webm: 4f35f7cbe854078d1ac9338744f61a02 -> 
  custom:container-demuxer-ogg: 62fdf1f143b41e24485cea50d1cbac27 -> 
  custom:video-encoder-webm-vp8: eb34c28f22e8b96e1ab97ce403110664 -> 
  custom:framework-osx-AVFoundation: e770b220cccbd017edd2c1fefb359320 -> 
  custom:video-decoder-webm-vp8: 9c59270c3fd7afecdb556c50c9e8de78 -> 
  custom:audio-decoder-ogg-vorbis: bf7c407c2cedff20999df2af8eb42d56 -> 
  custom:audio-encoder-webm-vorbis: bf7c407c2cedff20999df2af8eb42d56 -> 
========================================================================
Received Import Request.
  Time since last request: 108.624022 seconds.
  path: Assets/Scripts/Score.cs
  artifactKey: Guid(e2b58cf63d50848498dcbd88b7362e98) Importer(815301076,1909f56bfc062723c751e8b465ee728b)
Start importing Assets/Scripts/Score.cs using Guid(e2b58cf63d50848498dcbd88b7362e98) Importer(815301076,1909f56bfc062723c751e8b465ee728b)  -> (artifact id: 'd5cc990da899d9b102130ddd4759a98b') in 0.737449 seconds 
  Import took 0.746634 seconds .

========================================================================
Received Prepare
Registering precompiled user dll's ...
Registered in 0.009390 seconds.
Begin MonoManager ReloadAssembly
Native extension for OSXStandalone target not found
Native extension for WebGL target not found
Refreshing native plugins compatible for Editor in 0.50 ms, found 3 plugins.
Preloading 0 native plugins for Editor in 0.00 ms.
Mono: successfully reloaded assembly
- Completed reload, in  1.326 seconds
Domain Reload Profiling:
	ReloadAssembly (1327ms)
		BeginReloadAssembly (149ms)
			ExecutionOrderSort (0ms)
			DisableScriptedObjects (9ms)
			BackupInstance (0ms)
			ReleaseScriptingObjects (0ms)
			CreateAndSetChildDomain (75ms)
		EndReloadAssembly (1103ms)
			LoadAssemblies (117ms)
			RebuildTransferFunctionScriptingTraits (0ms)
			SetupTypeCache (398ms)
			ReleaseScriptCaches (1ms)
			RebuildScriptCaches (59ms)
			SetupLoadedEditorAssemblies (385ms)
				LogAssemblyErrors (0ms)
				InitializePlatformSupportModulesInManaged (6ms)
				SetLoadedEditorAssemblies (1ms)
				RefreshPlugins (1ms)
				BeforeProcessingInitializeOnLoad (116ms)
				ProcessInitializeOnLoadAttributes (246ms)
				ProcessInitializeOnLoadMethodAttributes (14ms)
				AfterProcessingInitializeOnLoad (2ms)
				EditorAssembliesLoaded (0ms)
			ExecutionOrderSort2 (0ms)
			AwakeInstancesAfterBackupRestoration (11ms)
Platform modules already initialized, skipping
Refreshing native plugins compatible for Editor in 0.43 ms, found 3 plugins.
Preloading 0 native plugins for Editor in 0.00 ms.
Unloading 2235 Unused Serialized files (Serialized files now loaded: 0)
System memory in use before: 206.7 MB.
System memory in use after: 206.9 MB.

Unloading 19 unused Assets to reduce memory usage. Loaded Objects now: 2759.
Total: 3.092881 ms (FindLiveObjects: 0.175475 ms CreateObjectMapping: 0.142952 ms MarkObjects: 2.755054 ms  DeleteObjects: 0.018647 ms)

AssetImportParameters requested are different than current active one (requested -> active):
  custom:video-decoder-ogg-theora: a1e56fd34408186e4bbccfd4996cb3dc -> 
  custom:container-muxer-webm: aa71ff27fc2769a1b78a27578f13a17b -> 
  custom:container-demuxer-webm: 4f35f7cbe854078d1ac9338744f61a02 -> 
  custom:container-demuxer-ogg: 62fdf1f143b41e24485cea50d1cbac27 -> 
  custom:video-encoder-webm-vp8: eb34c28f22e8b96e1ab97ce403110664 -> 
  custom:framework-osx-AVFoundation: e770b220cccbd017edd2c1fefb359320 -> 
  custom:video-decoder-webm-vp8: 9c59270c3fd7afecdb556c50c9e8de78 -> 
  custom:audio-decoder-ogg-vorbis: bf7c407c2cedff20999df2af8eb42d56 -> 
  custom:audio-encoder-webm-vorbis: bf7c407c2cedff20999df2af8eb42d56 -> 
========================================================================
Received Import Request.
  Time since last request: 515.904937 seconds.
  path: Assets/Prefabs/blue.prefab
  artifactKey: Guid(c2cad468c6d8b470aa7444ef77049b47) Importer(815301076,1909f56bfc062723c751e8b465ee728b)
Start importing Assets/Prefabs/blue.prefab using Guid(c2cad468c6d8b470aa7444ef77049b47) Importer(815301076,1909f56bfc062723c751e8b465ee728b)  -> (artifact id: 'b7754a991f72b303e33d1d509667fe97') in 1.923501 seconds 
  Import took 1.946866 seconds .

========================================================================
Received Import Request.
  Time since last request: 0.000252 seconds.
  path: Assets/Prefabs/orange.prefab
  artifactKey: Guid(db0c3b69f6ad045f0a29fdd3b2b987dc) Importer(815301076,1909f56bfc062723c751e8b465ee728b)
Start importing Assets/Prefabs/orange.prefab using Guid(db0c3b69f6ad045f0a29fdd3b2b987dc) Importer(815301076,1909f56bfc062723c751e8b465ee728b)  -> (artifact id: 'd67f3c33381ff088b61b065ae0d9190b') in 0.019338 seconds 
  Import took 0.023001 seconds .

========================================================================
Received Import Request.
  Time since last request: 0.000193 seconds.
  path: Assets/Prefabs/Tile.prefab
  artifactKey: Guid(aa818544b3de376478d1dd3b120f9771) Importer(815301076,1909f56bfc062723c751e8b465ee728b)
Start importing Assets/Prefabs/Tile.prefab using Guid(aa818544b3de376478d1dd3b120f9771) Importer(815301076,1909f56bfc062723c751e8b465ee728b)  -> (artifact id: '69e89aa475c1e2e36b1bac8e78242ddd') in 0.019941 seconds 
  Import took 0.023549 seconds .

========================================================================
Received Import Request.
  Time since last request: 0.000226 seconds.
  path: Assets/Prefabs/red.prefab
  artifactKey: Guid(80d515616f33547fe9a28ca0444913d1) Importer(815301076,1909f56bfc062723c751e8b465ee728b)
Start importing Assets/Prefabs/red.prefab using Guid(80d515616f33547fe9a28ca0444913d1) Importer(815301076,1909f56bfc062723c751e8b465ee728b)  -> (artifact id: '1a772564ec70ae179277fe3f1100aa74') in 0.014339 seconds 
  Import took 0.017794 seconds .

========================================================================
Received Import Request.
  Time since last request: 0.000220 seconds.
  path: Assets/Prefabs/green.prefab
  artifactKey: Guid(f6f280eb9ca1e43cbac1d8f5b0ba21b9) Importer(815301076,1909f56bfc062723c751e8b465ee728b)
Start importing Assets/Prefabs/green.prefab using Guid(f6f280eb9ca1e43cbac1d8f5b0ba21b9) Importer(815301076,1909f56bfc062723c751e8b465ee728b)  -> (artifact id: '01580b89b21da2235b05a84db66b662c') in 0.012828 seconds 
  Import took 0.016206 seconds .

========================================================================
Received Import Request.
  Time since last request: 0.000196 seconds.
  path: Assets/Prefabs/yellow.prefab
  artifactKey: Guid(150e7a1303e1e487bb92a5358dfff06e) Importer(815301076,1909f56bfc062723c751e8b465ee728b)
Start importing Assets/Prefabs/yellow.prefab using Guid(150e7a1303e1e487bb92a5358dfff06e) Importer(815301076,1909f56bfc062723c751e8b465ee728b)  -> (artifact id: 'c2d05ba6a37eb3227716810a95dfcded') in 0.012761 seconds 
  Import took 0.016253 seconds .

========================================================================
Received Import Request.
  Time since last request: 0.000221 seconds.
  path: Assets/Prefabs/Row.prefab
  artifactKey: Guid(08e2e0450bc2eed46af00eff6f339dd4) Importer(815301076,1909f56bfc062723c751e8b465ee728b)
Start importing Assets/Prefabs/Row.prefab using Guid(08e2e0450bc2eed46af00eff6f339dd4) Importer(815301076,1909f56bfc062723c751e8b465ee728b)  -> (artifact id: '0abd616448ccec7fc402cfab4fdf0f96') in 0.005915 seconds 
  Import took 0.009222 seconds .

========================================================================
Received Import Request.
  Time since last request: 752.528389 seconds.
  path: Assets/PNG/Background2.png
  artifactKey: Guid(522d1e6c21c1f4cbe9062535854180a7) Importer(815301076,1909f56bfc062723c751e8b465ee728b)
Start importing Assets/PNG/Background2.png using Guid(522d1e6c21c1f4cbe9062535854180a7) Importer(815301076,1909f56bfc062723c751e8b465ee728b)  -> (artifact id: '6bf2f22823a344af0162436e9933a860') in 0.050260 seconds 
  Import took 0.056238 seconds .

========================================================================
Received Import Request.
  Time since last request: 78.817536 seconds.
  path: Assets/PNG/Background3.png
  artifactKey: Guid(95e018e47da7d4754ac5c654ad55b256) Importer(815301076,1909f56bfc062723c751e8b465ee728b)
Start importing Assets/PNG/Background3.png using Guid(95e018e47da7d4754ac5c654ad55b256) Importer(815301076,1909f56bfc062723c751e8b465ee728b)  -> (artifact id: '14e574387058eaa3617e3efddebdd258') in 0.028044 seconds 
  Import took 0.033213 seconds .

========================================================================
Received Import Request.
  Time since last request: 137.977869 seconds.
  path: Assets/PNG/Retry.png
  artifactKey: Guid(7f47b67cabb8e43d4bd3788a25fa2b65) Importer(815301076,1909f56bfc062723c751e8b465ee728b)
Start importing Assets/PNG/Retry.png using Guid(7f47b67cabb8e43d4bd3788a25fa2b65) Importer(815301076,1909f56bfc062723c751e8b465ee728b)  -> (artifact id: '8d327c776391275ea264f9daea99b884') in 0.013753 seconds 
  Import took 0.017899 seconds .

========================================================================
Received Import Request.
  Time since last request: 11.701707 seconds.
  path: Assets/PNG/Continue.png
  artifactKey: Guid(9acd86bf29c44455a8d735027d09abec) Importer(815301076,1909f56bfc062723c751e8b465ee728b)
Start importing Assets/PNG/Continue.png using Guid(9acd86bf29c44455a8d735027d09abec) Importer(815301076,1909f56bfc062723c751e8b465ee728b)  -> (artifact id: 'a7a86828e29d70d50f38c9398c0e6c79') in 0.012703 seconds 
  Import took 0.016971 seconds .

========================================================================
Received Import Request.
  Time since last request: 23.570499 seconds.
  path: Assets/PNG/Levels.png
  artifactKey: Guid(4c2f408eb642c450c9071e18b5310dff) Importer(815301076,1909f56bfc062723c751e8b465ee728b)
Start importing Assets/PNG/Levels.png using Guid(4c2f408eb642c450c9071e18b5310dff) Importer(815301076,1909f56bfc062723c751e8b465ee728b)  -> (artifact id: 'cb2464fcf32ba7a4301dcc9d273a5bee') in 0.012357 seconds 
  Import took 0.016576 seconds .

========================================================================
Received Import Request.
  Time since last request: 11.693038 seconds.
  path: Assets/PNG/MovesPP.png
  artifactKey: Guid(c21c1db6072bd47ffa9c0ed38baf74b2) Importer(815301076,1909f56bfc062723c751e8b465ee728b)
Start importing Assets/PNG/MovesPP.png using Guid(c21c1db6072bd47ffa9c0ed38baf74b2) Importer(815301076,1909f56bfc062723c751e8b465ee728b)  -> (artifact id: 'f50a5c46fbd0979cf43f944e1fb9da08') in 0.013575 seconds 
  Import took 0.017792 seconds .

========================================================================
Received Import Request.
  Time since last request: 12.980182 seconds.
  path: Assets/PNG/TimePP.png
  artifactKey: Guid(949d0884a5cd14494beefb0537b6b30f) Importer(815301076,1909f56bfc062723c751e8b465ee728b)
Start importing Assets/PNG/TimePP.png using Guid(949d0884a5cd14494beefb0537b6b30f) Importer(815301076,1909f56bfc062723c751e8b465ee728b)  -> (artifact id: '0d6822b0d3e5722872d0c1d3ecf4f2ce') in 0.013586 seconds 
  Import took 0.017346 seconds .

========================================================================
Received Import Request.
  Time since last request: 33.322621 seconds.
  path: Assets/PNG/Background
  artifactKey: Guid(5e8f4093a76f54ebe9be3ce2dd0051eb) Importer(815301076,1909f56bfc062723c751e8b465ee728b)
Start importing Assets/PNG/Background using Guid(5e8f4093a76f54ebe9be3ce2dd0051eb) Importer(815301076,1909f56bfc062723c751e8b465ee728b)  -> (artifact id: 'ec5726ee0cf74eda83d18f9a5dfe23ca') in 0.001833 seconds 
  Import took 0.005521 seconds .

========================================================================
Received Import Request.
  Time since last request: 52.871934 seconds.
  path: Assets/PNG/Gems
  artifactKey: Guid(ecf5262db76e44e0384099e446e48e31) Importer(815301076,1909f56bfc062723c751e8b465ee728b)
Start importing Assets/PNG/Gems using Guid(ecf5262db76e44e0384099e446e48e31) Importer(815301076,1909f56bfc062723c751e8b465ee728b)  -> (artifact id: '118785fac447d31166a29fd8acfdc295') in 0.001951 seconds 
  Import took 0.006232 seconds .

========================================================================
Received Import Request.
  Time since last request: 40.014698 seconds.
  path: Assets/PNG/PowerUps
  artifactKey: Guid(614ada34321aa44c0818d91a2e1672ba) Importer(815301076,1909f56bfc062723c751e8b465ee728b)
Start importing Assets/PNG/PowerUps using Guid(614ada34321aa44c0818d91a2e1672ba) Importer(815301076,1909f56bfc062723c751e8b465ee728b)  -> (artifact id: '5894df467db90574d78b0e0f5e2133be') in 0.002221 seconds 
  Import took 0.006577 seconds .

========================================================================
Received Import Request.
  Time since last request: 72.429982 seconds.
  path: Assets/PNG/Text
  artifactKey: Guid(6e3892f16d2d04f2a9c6b4a8080589f8) Importer(815301076,1909f56bfc062723c751e8b465ee728b)
Start importing Assets/PNG/Text using Guid(6e3892f16d2d04f2a9c6b4a8080589f8) Importer(815301076,1909f56bfc062723c751e8b465ee728b)  -> (artifact id: '5ba6ed49c25cfcd59bf469bcae411827') in 0.002295 seconds 
  Import took 0.005600 seconds .

========================================================================
Received Import Request.
  Time since last request: 29.484340 seconds.
  path: Assets/PNG/Buttons
  artifactKey: Guid(b98920be1e2c6431e9ea6d523b3be2c4) Importer(815301076,1909f56bfc062723c751e8b465ee728b)
Start importing Assets/PNG/Buttons using Guid(b98920be1e2c6431e9ea6d523b3be2c4) Importer(815301076,1909f56bfc062723c751e8b465ee728b)  -> (artifact id: '828089e27840fec8109d84a394b96de4') in 0.001582 seconds 
  Import took 0.005312 seconds .

========================================================================
Received Import Request.
  Time since last request: 32.293610 seconds.
  path: Assets/PNG/Backgrounds
  artifactKey: Guid(5e8f4093a76f54ebe9be3ce2dd0051eb) Importer(815301076,1909f56bfc062723c751e8b465ee728b)
Start importing Assets/PNG/Backgrounds using Guid(5e8f4093a76f54ebe9be3ce2dd0051eb) Importer(815301076,1909f56bfc062723c751e8b465ee728b)  -> (artifact id: '879a0144d8bf65ca477f387f9c33d4dd') in 0.000996 seconds 
  Import took 0.004187 seconds .

========================================================================
Received Import Request.
  Time since last request: 543.393735 seconds.
  path: Assets/PNG/Text/Fail.png
  artifactKey: Guid(96eccb0066f354e50bf572f7fe842863) Importer(815301076,1909f56bfc062723c751e8b465ee728b)
Start importing Assets/PNG/Text/Fail.png using Guid(96eccb0066f354e50bf572f7fe842863) Importer(815301076,1909f56bfc062723c751e8b465ee728b)  -> (artifact id: '0e943b475a03346ff0d43d3b9b2cce36') in 0.028132 seconds 
  Import took 0.032820 seconds .

========================================================================
Received Import Request.
  Time since last request: 12.803126 seconds.
  path: Assets/PNG/Text/Pass.png
  artifactKey: Guid(8165688bc90084df5a012396b873ceee) Importer(815301076,1909f56bfc062723c751e8b465ee728b)
Start importing Assets/PNG/Text/Pass.png using Guid(8165688bc90084df5a012396b873ceee) Importer(815301076,1909f56bfc062723c751e8b465ee728b)  -> (artifact id: '68bd39ce40e29a99a47537314494de2c') in 0.020596 seconds 
  Import took 0.026218 seconds .

========================================================================
Received Import Request.
  Time since last request: 289.778615 seconds.
  path: Assets/PNG/Text/How2Play.png
  artifactKey: Guid(dfde7bf587b104a2f89e8a9501b94df1) Importer(815301076,1909f56bfc062723c751e8b465ee728b)
Start importing Assets/PNG/Text/How2Play.png using Guid(dfde7bf587b104a2f89e8a9501b94df1) Importer(815301076,1909f56bfc062723c751e8b465ee728b)  -> (artifact id: '349a607151ed4f51719041e5b0f8f062') in 0.017633 seconds 
  Import took 0.021730 seconds .

========================================================================
Received Import Request.
  Time since last request: 207.099294 seconds.
  path: Assets/Scenes/GameBoard.unity
  artifactKey: Guid(394540f3fc659864e8a36b23b67d393d) Importer(815301076,1909f56bfc062723c751e8b465ee728b)
Start importing Assets/Scenes/GameBoard.unity using Guid(394540f3fc659864e8a36b23b67d393d) Importer(815301076,1909f56bfc062723c751e8b465ee728b)  -> (artifact id: 'd6808ed3a128974b69f1a0f49a89d1f9') in 0.005659 seconds 
  Import took 0.009127 seconds .

========================================================================
Received Import Request.
  Time since last request: 1.246546 seconds.
  path: Assets/Scenes/Main_Menu.unity
  artifactKey: Guid(db4c8d649bb394a4da4142ce7ba36453) Importer(815301076,1909f56bfc062723c751e8b465ee728b)
Start importing Assets/Scenes/Main_Menu.unity using Guid(db4c8d649bb394a4da4142ce7ba36453) Importer(815301076,1909f56bfc062723c751e8b465ee728b)  -> (artifact id: '760c18c92f06a661f5354c466c8e1280') in 0.003297 seconds 
  Import took 0.006728 seconds .

========================================================================
Received Import Request.
  Time since last request: 19.268047 seconds.
  path: Assets/Scenes/LoserScreen.unity
  artifactKey: Guid(a504693dc8760754d98419b05dfa5a5c) Importer(815301076,1909f56bfc062723c751e8b465ee728b)
Start importing Assets/Scenes/LoserScreen.unity using Guid(a504693dc8760754d98419b05dfa5a5c) Importer(815301076,1909f56bfc062723c751e8b465ee728b)  -> (artifact id: '871b130662fe6279c60e1d7573706082') in 0.003439 seconds 
  Import took 0.007314 seconds .

========================================================================
Received Import Request.
  Time since last request: 2.249468 seconds.
  path: Assets/Scenes/H2P.unity
  artifactKey: Guid(6114aba0971ec4263a8daf9a59a53d6e) Importer(815301076,1909f56bfc062723c751e8b465ee728b)
Start importing Assets/Scenes/H2P.unity using Guid(6114aba0971ec4263a8daf9a59a53d6e) Importer(815301076,1909f56bfc062723c751e8b465ee728b)  -> (artifact id: '0f14067d35975c2a71036e8220d95dd9') in 0.005261 seconds 
  Import took 0.010626 seconds .

========================================================================
Received Import Request.
  Time since last request: 215.527967 seconds.
  path: Assets/Scenes/LoserScreen.unity
  artifactKey: Guid(a504693dc8760754d98419b05dfa5a5c) Importer(815301076,1909f56bfc062723c751e8b465ee728b)
Start importing Assets/Scenes/LoserScreen.unity using Guid(a504693dc8760754d98419b05dfa5a5c) Importer(815301076,1909f56bfc062723c751e8b465ee728b)  -> (artifact id: 'a6f35135036bc90906d635f423c34a52') in 0.003147 seconds 
  Import took 0.006822 seconds .

